<?xml version="1.0" encoding="UTF-8"?>
<!-- Generated by org.testng.reporters.JUnitXMLReporter -->
<testsuite ignored="3" hostname="User" failures="2" tests="2" name="E2E Test" time="0.269" errors="0" timestamp="2023-07-28T20:30:36 EDT">
  <testcase classname="testPkg.HomePageTest" name="homepageMenuLinkTest" time="0.031">
    <failure type="java.lang.NullPointerException" message="Cannot invoke &amp;quot;pageFactory.HomePage.clickHomePageMenuLink(String)&amp;quot; because &amp;quot;this.hp&amp;quot; is null">
      <![CDATA[java.lang.NullPointerException: Cannot invoke "pageFactory.HomePage.clickHomePageMenuLink(String)" because "this.hp" is null
at testPkg.HomePageTest.homepageMenuLinkTest(HomePageTest.java:28)
at java.base/java.util.ArrayList.forEach(ArrayList.java:1511)
... Removed 27 stack frames]]>
    </failure>
  </testcase> <!-- homepageMenuLinkTest -->
  <testcase classname="testPkg.SearchFunctionalityTest" name="negativeSearchFunctionalityDataDrivenTestClickingSearchBtn" time="0.093">
    <failure type="java.lang.NullPointerException" message="Cannot invoke &amp;quot;pageFactory.HomePage.enterProductInSearchTxtBox(String)&amp;quot; because &amp;quot;this.hp&amp;quot; is null">
      <![CDATA[java.lang.NullPointerException: Cannot invoke "pageFactory.HomePage.enterProductInSearchTxtBox(String)" because "this.hp" is null
at testPkg.SearchFunctionalityTest.negativeSearchFunctionalityDataDrivenTestClickingSearchBtn(SearchFunctionalityTest.java:62)
at java.base/java.util.ArrayList.forEach(ArrayList.java:1511)
... Removed 27 stack frames]]>
    </failure>
  </testcase> <!-- negativeSearchFunctionalityDataDrivenTestClickingSearchBtn -->
  <testcase classname="testPkg.SearchFunctionalityTest" name="positiveSearchFunctionalityDataDrivenTestHittingEnterKey" time="0.0">
    <ignored/>
  </testcase> <!-- positiveSearchFunctionalityDataDrivenTestHittingEnterKey -->
  <testcase classname="testPkg.SearchFunctionalityTest" name="positiveSearchFunctionalityDataDrivenTestClickSearchBtn" time="0.0">
    <ignored/>
  </testcase> <!-- positiveSearchFunctionalityDataDrivenTestClickSearchBtn -->
  <testcase classname="testPkg.SearchFunctionalityTest" name="negativeSearchFunctionalityDataDrivenTestHittingEnterKey" time="0.0">
    <ignored/>
  </testcase> <!-- negativeSearchFunctionalityDataDrivenTestHittingEnterKey -->
</testsuite> <!-- E2E Test -->
