<?xml version="1.0" encoding="UTF-8"?>
<!-- Generated by org.testng.reporters.JUnitXMLReporter -->
<testsuite ignored="4" hostname="User" failures="1" tests="1" name="Integration Test" time="0.069" errors="0" timestamp="2023-07-28T20:30:36 EDT">
  <testcase classname="testPkg.SearchFunctionalityTest" name="negativeSearchFunctionalityDataDrivenTestHittingEnterKey" time="0.019">
    <failure type="java.lang.NullPointerException" message="Cannot invoke &amp;quot;pageFactory.HomePage.enterProductInSearchTxtBox(String)&amp;quot; because &amp;quot;this.hp&amp;quot; is null">
      <![CDATA[java.lang.NullPointerException: Cannot invoke "pageFactory.HomePage.enterProductInSearchTxtBox(String)" because "this.hp" is null
at testPkg.SearchFunctionalityTest.negativeSearchFunctionalityDataDrivenTestHittingEnterKey(SearchFunctionalityTest.java:54)
at java.base/java.util.ArrayList.forEach(ArrayList.java:1511)
... Removed 27 stack frames]]>
    </failure>
  </testcase> <!-- negativeSearchFunctionalityDataDrivenTestHittingEnterKey -->
  <testcase classname="testPkg.SearchFunctionalityTest" name="positiveSearchFunctionalityDataDrivenTestClickSearchBtn" time="0.0">
    <ignored/>
  </testcase> <!-- positiveSearchFunctionalityDataDrivenTestClickSearchBtn -->
  <testcase classname="testPkg.SearchFunctionalityTest" name="negativeSearchFunctionalityDataDrivenTestClickingSearchBtn" time="0.0">
    <ignored/>
  </testcase> <!-- negativeSearchFunctionalityDataDrivenTestClickingSearchBtn -->
  <testcase classname="testPkg.HomePageTest" name="homepageMenuLinkTest" time="0.0">
    <ignored/>
  </testcase> <!-- homepageMenuLinkTest -->
  <testcase classname="testPkg.SearchFunctionalityTest" name="positiveSearchFunctionalityDataDrivenTestHittingEnterKey" time="0.0">
    <ignored/>
  </testcase> <!-- positiveSearchFunctionalityDataDrivenTestHittingEnterKey -->
</testsuite> <!-- Integration Test -->
