<?xml version="1.0" encoding="UTF-8"?>
<!-- Generated by org.testng.reporters.JUnitXMLReporter -->
<testsuite ignored="1" hostname="User" failures="4" tests="4" name="Smoke Test" time="1.235" errors="0" timestamp="2023-07-28T20:30:34 EDT">
  <testcase classname="testPkg.HomePageTest" name="homepageMenuLinkTest" time="0.143">
    <failure type="java.lang.NullPointerException" message="Cannot invoke &amp;quot;pageFactory.HomePage.clickHomePageMenuLink(String)&amp;quot; because &amp;quot;this.hp&amp;quot; is null">
      <![CDATA[java.lang.NullPointerException: Cannot invoke "pageFactory.HomePage.clickHomePageMenuLink(String)" because "this.hp" is null
at testPkg.HomePageTest.homepageMenuLinkTest(HomePageTest.java:28)
at java.base/java.util.ArrayList.forEach(ArrayList.java:1511)
... Removed 27 stack frames]]>
    </failure>
  </testcase> <!-- homepageMenuLinkTest -->
  <testcase classname="testPkg.SearchFunctionalityTest" name="negativeSearchFunctionalityDataDrivenTestHittingEnterKey" time="0.025">
    <failure type="java.lang.NullPointerException" message="Cannot invoke &amp;quot;pageFactory.HomePage.enterProductInSearchTxtBox(String)&amp;quot; because &amp;quot;this.hp&amp;quot; is null">
      <![CDATA[java.lang.NullPointerException: Cannot invoke "pageFactory.HomePage.enterProductInSearchTxtBox(String)" because "this.hp" is null
at testPkg.SearchFunctionalityTest.negativeSearchFunctionalityDataDrivenTestHittingEnterKey(SearchFunctionalityTest.java:54)
at java.base/java.util.ArrayList.forEach(ArrayList.java:1511)
... Removed 27 stack frames]]>
    </failure>
  </testcase> <!-- negativeSearchFunctionalityDataDrivenTestHittingEnterKey -->
  <testcase classname="testPkg.SearchFunctionalityTest" name="positiveSearchFunctionalityDataDrivenTestClickSearchBtn" time="0.031">
    <failure type="java.lang.NullPointerException" message="Cannot invoke &amp;quot;pageFactory.HomePage.enterProductInSearchTxtBox(String)&amp;quot; because &amp;quot;this.hp&amp;quot; is null">
      <![CDATA[java.lang.NullPointerException: Cannot invoke "pageFactory.HomePage.enterProductInSearchTxtBox(String)" because "this.hp" is null
at testPkg.SearchFunctionalityTest.positiveSearchFunctionalityDataDrivenTestClickSearchBtn(SearchFunctionalityTest.java:44)
at java.base/java.util.ArrayList.forEach(ArrayList.java:1511)
... Removed 27 stack frames]]>
    </failure>
  </testcase> <!-- positiveSearchFunctionalityDataDrivenTestClickSearchBtn -->
  <testcase classname="testPkg.SearchFunctionalityTest" name="positiveSearchFunctionalityDataDrivenTestHittingEnterKey" time="0.038">
    <failure type="java.lang.NullPointerException" message="Cannot invoke &amp;quot;pageFactory.HomePage.enterProductInSearchTxtBox(String)&amp;quot; because &amp;quot;this.hp&amp;quot; is null">
      <![CDATA[java.lang.NullPointerException: Cannot invoke "pageFactory.HomePage.enterProductInSearchTxtBox(String)" because "this.hp" is null
at testPkg.SearchFunctionalityTest.positiveSearchFunctionalityDataDrivenTestHittingEnterKey(SearchFunctionalityTest.java:35)
at java.base/java.util.ArrayList.forEach(ArrayList.java:1511)
... Removed 27 stack frames]]>
    </failure>
  </testcase> <!-- positiveSearchFunctionalityDataDrivenTestHittingEnterKey -->
  <testcase classname="testPkg.SearchFunctionalityTest" name="negativeSearchFunctionalityDataDrivenTestClickingSearchBtn" time="0.0">
    <ignored/>
  </testcase> <!-- negativeSearchFunctionalityDataDrivenTestClickingSearchBtn -->
</testsuite> <!-- Smoke Test -->
